[2023-11-27 18:21:42] [ERROR] Include module: Cannot assign string to property Tasks\Controller\TasksController::$task_group_id of type int,0,/var/www/html/modules/task/controller/tasks.php,22
[2023-11-27 18:21:42] [ERROR] Incorrect function: usort(): Argument #1 ($array) must be of type array, null given,0,/var/www/html/core/class/class-helper.php,56
[2023-11-27 18:21:58] [ERROR] Incorrect function: usort(): Argument #1 ($array) must be of type array, null given,0,/var/www/html/core/class/class-helper.php,56
[2023-11-27 18:23:57] [ERROR] Incorrect function: usort(): Argument #1 ($array) must be of type array, null given,0,/var/www/html/core/class/class-helper.php,56
[2023-11-27 18:23:59] [ERROR] Incorrect function: usort(): Argument #1 ($array) must be of type array, null given,0,/var/www/html/core/class/class-helper.php,56
[2023-11-27 18:24:04] [ERROR] Incorrect function: usort(): Argument #1 ($array) must be of type array, null given,0,/var/www/html/core/class/class-helper.php,56
[2023-11-27 18:24:06] [ERROR] Incorrect function: usort(): Argument #1 ($array) must be of type array, null given,0,/var/www/html/core/class/class-helper.php,56
[2023-11-27 18:24:40] [ERROR] Incorrect function: usort(): Argument #1 ($array) must be of type array, null given,0,/var/www/html/core/class/class-helper.php,56
[2023-11-27 18:25:11] [ERROR] Load module: Typed property Files\Repository\FilesRepository::$ftp must not be accessed before initialization,0,/var/www/html/modules/encrypt-files/repository/repository-files.php,41
[2023-11-27 18:25:12] [ERROR] Incorrect function: usort(): Argument #1 ($array) must be of type array, null given,0,/var/www/html/core/class/class-helper.php,56
[2023-11-27 18:29:37] [ERROR] Load module: Typed property Files\Repository\FilesRepository::$ftp must not be accessed before initialization,0,/var/www/html/modules/encrypt-files/repository/repository-files.php,41
[2023-11-27 18:29:38] [ERROR] Incorrect function: usort(): Argument #1 ($array) must be of type array, null given,0,/var/www/html/core/class/class-helper.php,56
[2023-11-27 18:29:39] [ERROR] Incorrect function: usort(): Argument #1 ($array) must be of type array, null given,0,/var/www/html/core/class/class-helper.php,56
[2023-11-27 18:29:40] [ERROR] Incorrect function: usort(): Argument #1 ($array) must be of type array, null given,0,/var/www/html/core/class/class-helper.php,56
[2023-11-27 18:29:41] [ERROR] Incorrect function: usort(): Argument #1 ($array) must be of type array, null given,0,/var/www/html/core/class/class-helper.php,56
